Mad-Assembler v1.7.3 by TeBe/Madteam
Source: D:\!Atari\nibbly\title\blink.asm
     1
     2 = 0011			h	= 17
     3
     4 = 0080			hlp	equ $80
     5
     6 				 org $2000
     7
     8 				ant
     9 FFFF> 2000-2300> 70 70 +	 :3 dta $70
    10 2003 42 A2 20		 dta $42,a(scr)
    11 2006 02 02 02 02 02 02 +	 :h-1 dta $02
    12 2016 41 00 20		 dta $41,a(ant)
    13
    14
    15 2019			main
    16 2019 A9 00 8D 30 02 A9 +	 mwa #ant 560
    17 2023 A9 21 8D 2F 02 A9 +	 mwa #%00100001 559
    18
    19 202D			loop
    20 202D A9 A2 85 80 A9 20 +	 mwa #scr hlp
    21 2035 A9 A2 8D 45 20 A9 +	 mwa #scr cl+1
    22
    23 203F A2 02		 ldx #2
    24 2041 A0 00		 ldy #0
    25 2043 98			 tya
    26 				 
    27 2044 99 A2 20		cl sta scr,y
    28 2047 C8			 iny
    29 2048 D0 FA		 bne cl
    30 204A EE 46 20		 inc cl+2
    31 204D CA			 dex
    32 204E D0 F4		 bne cl
    33
    34 2050 A2 00		 ldx #0
    35 2052			_lp
    36
    37 2052 BC C2 22		 ldy px,x
    38 2055 B1 80		 lda (hlp),y
    39 2057 49 80		 eor #$80
    40 2059 91 80		 sta (hlp),y
    41 205B C8			 iny
    42 205C B1 80		 lda (hlp),y
    43 205E 49 80		 eor #$80
    44 2060 91 80		 sta (hlp),y
    45 2062 C8			 iny
    46 2063 B1 80		 lda (hlp),y
    47 2065 49 80		 eor #$80
    48 2067 91 80		 sta (hlp),y
    49
    50 2069 A5 80		 lda hlp
    51 206B 18 69 20		 add #32
    52 206E 85 80		 sta hlp
    53 2070 90 02		 scc
    54 2072 E6 81		 inc hlp+1
    55
    56 2074 BD C2 22		 lda px,x
    57 2077 18			 clc
    58 				; adc #1
    59 2078 7D D4 22		 adc ad,x
    60 207B 29 1F		 and #$1f
    61 207D 9D C2 22		 sta px,x
    62
    63 2080 A8			 tay
    64 2081 B9 E5 22		 lda msk,y 
    65
    66 2084 D0 08		 bne _skp
    67
    68 2086 BD D4 22		 lda ad,x
    69 2089 49 FE		 eor #$fe
    70 208B 9D D4 22		 sta ad,x
    71
    72 208E			_skp
    73
    74 208E E8			 inx
    75 208F E0 11		 cpx #h
    76 2091 D0 BF		 bne _lp
    77
    78 2093 A5 14 C5 14 F0 FC	 lda:cmp:req 20
    79 2099 A5 14 C5 14 F0 FC	 lda:cmp:req 20
    80
    81 209F 4C 2D 20		 jmp loop
    82
    83 20A2			scr
    84 20A2 00 00 00 00 00 00 +	 :32*h brk
    85
    86
    87 22C2 04 06 07 08 0A 0B +	px dta b(sin(4,h/2,32,0,h))
    88 22D4 01 01 01 01 01 01 +	ad :h dta 1
    89
    90 22E5			msk 
    91 22E5 00 00 00 00 00	:5 brk
    92 22EA 01 01 01 01 01 01 +	:22 dta 1
    93 2300 00			 brk
    94
    95
    96 02E0-02E1> 19 20		 run main
