Mad-Assembler v1.7.3 by TeBe/Madteam
Source: D:\!Atari\nibbly\intro\intro2.asm
     1
     2 				 .public	intro
     3
     4 FFFF> 01,0000-04A4> 4D +	 .reloc
     5
     6 01,0000			fnt
     7 01,0000 00 00 00 00 00 +	 ins 'intro2.fnt',0,61*8
     8
     9 01,01E8			ant
    10 01,01E8 70 70 70 42 54 +	 dta $70,$70,$70,$42,a(fre),$42,a(scr)
    11 01,01F1 02 42 54 04 42 +	 dta $02,$42,a(fre),$42,a(scr+40*2),$02,$42,a(fre),$42,a(scr+40*4),$02,$42,a(fre),$42,a(scr+40*6),$02,$42,a(fre)
    12 01,020A 42 64 03 02 42 +	 dta $42,a(scr+40*8),$02,$42,a(fre),$42,a(fre),$42,a(scr+40*10),$02,$02,$02,2,$42,a(fre),$42,a(fre)
    13 01,0221 41 E8 01		 dta $41,a(ant)
    14
    15 01,0224			scr
    16 01,0224 00 00 00 00 00 +	 ins 'intro2.scr'+$80
    17
    18 01,0454			fre
    19 01,0454 00 00 00 00 00 +	 :40 brk
    20
    21
    22 01,047C			intro
    23 01,047C A9 00		 lda >fnt
    24 01,047E 8D F4 02		 sta 756
    25
    26 01,0481 A9 E8		 lda <ant
    27 01,0483 8D 30 02		 sta 560
    28 01,0486 A9 01		 lda >ant
    29 01,0488 8D 31 02		 sta 561
    30
    31 01,048B A9 FF		 lda #$ff
    32 01,048D 8D 01 D3		 sta $d301
    33 01,0490 8D FC 02		 sta 764
    34
    35 01,0493			ll
    36 01,0493 AC FC 02		 ldy 764
    37 01,0496 C8		 iny
    38 01,0497 F0 FA		 beq ll
    39
    40 01,0499 A9 00 8D 2F 02	 mva #0 559
    41 				 lda:cmp:req 20
    41 01,049E A5 14		 lda 20
    41 01,04A0 C5 14		 cmp 20
    41 01,04A2 F0 FC		 req 20
    42 01,04A4 60		 rts
    43
    44 				; ini intro
    45
    46 01,04A5			 blk update address
    46 01,04A5 EF FF 57		
    46 01,04A5 10 00 EC 01 EF +	
    46 01,04A5 EF FF 3C		
    46 01,04A5 01 00 82 04	
    46 01,04A5 EF FF 3E		
    46 01,04A5 02 00 7D 04 00 +	
    47 01,04A5			 blk update public
    47 01,04A5 ED FF 01 00 56 +	INTRO
