Mad-Assembler v1.7.0beta by TeBe/Madteam
Source: D:\!Atari\nibbly\panel\panel_2.asm
     1 				/********************************************/
     2 				/*   Use MADS http://g2f.atari8.info/mads   */
     3 				/*   Mode: GED- (bitmap mode)               */
     4 				/********************************************/
     5
     6 = 00,003F		scr48	equ %00111111	;screen 48b
     7 = 00,003E		scr40	equ %00111110	;screen 40b
     8 = 00,003D		scr32	equ %00111101	;screen 32b
     9
    10 = 00,0014		cloc	equ $0014	;(1)
    11 = 00,0000		byt2	equ $0000	;(1) <$0100
    12 = 00,0100		byt3	equ $0100	;(1) >$00FF
    13
    14 = 00,0080		ftmp	equ $80		;(2)
    15 = 00,0082		regA	equ ftmp+2	;(1)
    16 = 00,0083		regX	equ regA+1	;(1)
    17 = 00,0084		regY	equ regX+1	;(1)
    18
    19 = 00,00E0		bajt	equ $e0
    20
    21
    22 = 00,D000		hposp0	equ $D000
    23 = 00,D001		hposp1	equ $D001
    24 = 00,D002		hposp2	equ $D002
    25 = 00,D003		hposp3	equ $D003
    26 = 00,D004		hposm0	equ $D004
    27 = 00,D005		hposm1	equ $D005
    28 = 00,D006		hposm2	equ $D006
    29 = 00,D007		hposm3	equ $D007
    30 = 00,D008		sizep0	equ $D008
    31 = 00,D009		sizep1	equ $D009
    32 = 00,D00A		sizep2	equ $D00A
    33 = 00,D00B		sizep3	equ $D00B
    34 = 00,D00C		sizem	equ $D00C
    35
    36 = 00,D012		colpm0	equ $D012
    37 = 00,D013		colpm1	equ $D013
    38 = 00,D014		colpm2	equ $D014
    39 = 00,D015		colpm3	equ $D015
    40 = 00,D016		color0	equ $D016
    41 = 00,D017		color1	equ $D017
    42 = 00,D018		color2	equ $D018
    43 = 00,D019		color3	equ $D019
    44 = 00,D01A		colbak	equ $D01A
    45 = 00,D01B		gtictl	equ $D01B
    46
    47 = 00,D409		chbase	equ $D409
    48
    49 				;-- BASIC switch OFF
    50 				 org $2000
    51 FFFF> 00,2000-2005> A9 +	 lda #$ff
    52 00,2002 8D 01 D3		 sta $d301
    53 00,2005 60		 rts
    54 00,02E2-02E3> 00 20	 ini $2000
    55
    56 				;-- MAIN PROGRAM
    57 00,02E4			 org $2000
    58
    59 				scr	SCREEN_DATA
Macro: SCREEN_DATA [Source: D:\!Atari\nibbly\panel\panel_2.asm]
     1 00,2000-477F> FF FF FF +	 ins 'panel_2.raw'
Source: D:\!Atari\nibbly\panel\panel_2.asm
    60
    61 				 ift .def nil_used
    62 00,4780			nil :8*40 brk
    63 				 eif
    64
    65 					ALIGN $0400
Macro: ALIGN [Source: D:\!Atari\nibbly\panel\panel_2.mac]
     2 00,4780			  org (*/$0400)*$0400+$0400
Source: D:\!Atari\nibbly\panel\panel_2.asm
    66 				ant	ANTIC_PROGRAM scr,ant
Macro: ANTIC_PROGRAM [Source: D:\!Atari\nibbly\panel\panel_2.asm]
     1 00,4800-4834> 4E 00 20 +	 dta $4e,a(SCR+$0000),$f,$f,$f,$f,$f,$f,$f
     2 00,480A 4E 40 21 0E 0E +	 dta $4e,a(SCR+$0140),$e,$e,$e,$e,$e,$e,$e
     3 00,4814 4E 80 22 0E 0E +	 dta $4e,a(SCR+$0280),$e,$e,$e,$e,$e,$e,$e
     4 00,481E 4F C0 23 0F 0F +	 dta $4f,a(SCR+$03C0),$f,$f,$f,$f,$f,$f,$f
     5 00,4828 4E 00 25 0E 0E +	 dta $4e,a(SCR+$0500),$e,$e,$e,$e,$e,$e,$e
     7 00,4832 41 00 48		 dta $41,a(ANT)
Source: D:\!Atari\nibbly\panel\panel_2.asm
    67
    68 00,4835			fnt
    69
    70 					ALIGN $1000
Macro: ALIGN [Source: D:\!Atari\nibbly\panel\panel_2.mac]
     2 00,4835			  org (*/$1000)*$1000+$1000
Source: D:\!Atari\nibbly\panel\panel_2.asm
    71 00,5000				org *+$0300
    72 				pmg	SPRITES
Macro: SPRITES [Source: D:\!Atari\nibbly\panel\panel_2.asm]
     1 00,5300			 org *+$100
     3 00,5400-57FF> 00 00 00 +	 :+32 brk
     4 00,5420 20 40 20 20 20 +	 dta %00100000,%01000000,%00100000,%00100000,%00100000,%00100000,%01000000,%00100000
     5 00,5428 00 00 00 00 00 +	 :+13*16+8 brk
     7 00,5500 00 00 00 00 00 +	 :+32 brk
     8 00,5520 90 20 90 90 90 +	 dta %10010000,%00100000,%10010000,%10010000,%10010000,%10010000,%00100000,%10010000
     9 00,5528 00 00 00 00 00 +	 :+13*16+8 brk
    11 00,5600 00 00 00 00 00 +	 :+31 brk
    12 00,561F 0E		 dta %00001110
    13 00,5620 20 40 20 20 20 +	 dta %00100000,%01000000,%00100000,%00100000,%00100000,%00100000,%01000000,%00100000
    14 00,5628 0F 0F		 :+2 dta %00001111
    15 00,562A 00 00 00 00 00 +	 :+13*16+6 brk
    17 00,5700 00 00 00 00 00 +	 :+32 brk
    18 00,5720 90 20 90 90 90 +	 dta %10010000,%00100000,%10010000,%10010000,%10010000,%10010000,%00100000,%10010000
    19 00,5728 00 00 00 00 00 +	 :+13*16+8 brk
    21 00,5800			 org *+$100
Source: D:\!Atari\nibbly\panel\panel_2.asm
    73
    74 00,5900			main
    75 				;-- init PMG
    76 				 mva >pmg $d407		;missiles and players data address
Macro: MVA [Source: D:\!Atari\nibbly\panel\panel_2.mac]
     1 00,5900-5C7E> A9 53	 lda >PMG
     2 00,5902 8D 07 D4		 sta $D407
Source: D:\!Atari\nibbly\panel\panel_2.asm
    77 				 mva #3 $d01d		;enable players and missiles
Macro: MVA [Source: D:\!Atari\nibbly\panel\panel_2.mac]
     1 00,5905 A9 03		 lda #3
     2 00,5907 8D 1D D0		 sta $D01D
Source: D:\!Atari\nibbly\panel\panel_2.asm
    78
    79 				 lda:cmp:req 20		;wait 1 frame
    79 00,590A A5 14		 lda 20		
    79 00,590C C5 14		 cmp 20		
    79 00,590E F0 FC		 req$590C 20		
    80
    81 00,5910 A9 CC		 lda #$cc
    82 00,5912 85 E0		 sta bajt
    83
    84 00,5914 78		 sei			;stop interrups
    85 				 mva #0 $d40e		;stop all interrupts
Macro: MVA [Source: D:\!Atari\nibbly\panel\panel_2.mac]
     1 00,5915 A9 00		 lda #0
     2 00,5917 8D 0E D4		 sta $D40E
Source: D:\!Atari\nibbly\panel\panel_2.asm
    86 				 mva #$fe $d301		;switch off ROM to get 16k more ram
Macro: MVA [Source: D:\!Atari\nibbly\panel\panel_2.mac]
     1 00,591A A9 FE		 lda #$FE
     2 00,591C 8D 01 D3		 sta $D301
Source: D:\!Atari\nibbly\panel\panel_2.asm
    87
    88 				 mva #scr40 $d400	;set new screen width
Macro: MVA [Source: D:\!Atari\nibbly\panel\panel_2.mac]
     1 00,591F A9 3E		 lda #SCR40
     2 00,5921 8D 00 D4		 sta $D400
Source: D:\!Atari\nibbly\panel\panel_2.asm
    89
    90 				;-- RASTER PROGRAM
    91 00,5924 AD 0B D4		LOOP lda $d40b		;synchronization for the first change of screen line
    92 00,5927 C9 02		 cmp #2
    93 00,5929 D0 F9		 bne LOOP
    94 00,592B 8D 0A D4 8D 0A +	 :3 sta $d40a
    95
    96 				;-- wait 34 cycle
    97 00,5934 20 7E 5C		 jsr _rts
    98 00,5937 E6 00 E6 00	 :2 inc byt2
    99 				 mwa #ant $d402
Macro: MWA [Source: D:\!Atari\nibbly\panel\panel_2.mac]
     2 00,593B A9 00		  lda <ANT
     3 00,593D 8D 02 D4		  sta $D402
     4 00,5940 A9 48		  lda >ANT
     5 00,5942 8D 03 D4		  sta $D402+1
Source: D:\!Atari\nibbly\panel\panel_2.asm
   100
   101 				;-- set global ofset
   102 00,5945 EA EA		 :2 nop
   103
   104 				;-- empty line
   105 00,5947 20 6D 5C		 jsr wait54cycle
   106 00,594A E6 00		 inc byt2
   107
   108 				; line=0
   109
   110 00,594C 20 6D 5C		 jsr wait54cycle
   111 00,594F E6 00		 inc byt2
   112
   113 				; line=1
   114
   115 00,5951 20 6D 5C		 jsr wait54cycle
   116 00,5954 E6 00		 inc byt2
   117
   118 				; line=2
   119
   120 00,5956 20 6D 5C		 jsr wait54cycle
   121 00,5959 E6 00		 inc byt2
   122
   123 				; line=3
   124
   125 00,595B 20 6D 5C		 jsr wait54cycle
   126 00,595E E6 00		 inc byt2
   127
   128 				; line=4
   129
   130 00,5960 20 6D 5C		 jsr wait54cycle
   131 00,5963 E6 00		 inc byt2
   132
   133 				; line=5
   134
   135 00,5965 20 6D 5C		 jsr wait54cycle
   136 00,5968 E6 00		 inc byt2
   137
   138 				; line=6
   139
   140 00,596A 20 6D 5C		 jsr wait54cycle
   141 00,596D E6 00		 inc byt2
   142
   143 				; line=7
   144
   145 00,596F 20 6D 5C		 jsr wait54cycle
   146 00,5972 C5 00		 cmp byt2
   147
   148 				; line=8
   149
   150 00,5974 20 6D 5C		 jsr wait54cycle
   151 00,5977 E6 00		 inc byt2
   152
   153 				; line=9
   154
   155 00,5979 20 6D 5C		 jsr wait54cycle
   156 00,597C E6 00		 inc byt2
   157
   158 				; line=10
   159
   160 00,597E 20 6D 5C		 jsr wait54cycle
   161 00,5981 E6 00		 inc byt2
   162
   163 				; line=11
   164
   165 00,5983 20 6D 5C		 jsr wait54cycle
   166 00,5986 E6 00		 inc byt2
   167
   168 				; line=12
   169
   170 00,5988 20 6D 5C		 jsr wait54cycle
   171 00,598B E6 00		 inc byt2
   172
   173 				; line=13
   174
   175 00,598D 20 6D 5C		 jsr wait54cycle
   176 00,5990 E6 00		 inc byt2
   177
   178 				; line=14
   179
   180 00,5992 20 6D 5C		 jsr wait54cycle
   181 00,5995 E6 00		 inc byt2
   182
   183 				; line=15
   184
   185 00,5997 20 6D 5C		 jsr wait54cycle
   186 00,599A C5 00		 cmp byt2
   187
   188 				; line=16
   189
   190 00,599C 20 6D 5C		 jsr wait54cycle
   191 00,599F E6 00		 inc byt2
   192
   193 				; line=17
   194
   195 00,59A1 20 6D 5C		 jsr wait54cycle
   196 00,59A4 E6 00		 inc byt2
   197
   198 				; line=18
   199
   200 00,59A6 20 6D 5C		 jsr wait54cycle
   201 00,59A9 E6 00		 inc byt2
   202
   203 				; line=19
   204
   205 00,59AB 20 6D 5C		 jsr wait54cycle
   206 00,59AE E6 00		 inc byt2
   207
   208 				; line=20
   209
   210 00,59B0 20 6D 5C		 jsr wait54cycle
   211 00,59B3 E6 00		 inc byt2
   212
   213 				; line=21
   214
   215 00,59B5 20 6D 5C		 jsr wait54cycle
   216 00,59B8 E6 00		 inc byt2
   217
   218 				; line=22
   219
   220 00,59BA A9 00		 lda #$00
   221 00,59BC 8D 1E D0		 sta $d01e
   222 00,59BF A9 00		 lda #$00
   223 00,59C1 8D 1E D0		 sta $d01e
   224 00,59C4 A9 00		 lda #$00
   225 00,59C6 8D 1E D0		 sta $d01e
   226 00,59C9 A9 00		 lda #$00
   227 00,59CB 8D 1E D0		 sta $d01e
   228 00,59CE A9 00		 lda #$00
   229 00,59D0 C5 00		 cmp byt2
   230 00,59D2 8D 1A D0		 sta colbak
   231 00,59D5 C5 00		 cmp byt2
   232 00,59D7 A9 00		 lda #$00
   233 00,59D9 8D 1E D0		 sta $d01e
   234 00,59DC A9 00		 lda #$00
   235 00,59DE 8D 1E D0		 sta $d01e
   236 00,59E1 A9 B4		 lda #$b4
   237 00,59E3 E6 00		 inc byt2
   238 00,59E5 8D 1E D0		 sta $d01e
   239
   240 				; line=23
   241
   242 00,59E8 8D 1A D0		 sta colbak
   243 00,59EB A9 00		 lda #$00
   244 00,59ED A9 00		 lda #$00
   245 00,59EF 8D 1E D0		 sta $d01e
   246 00,59F2 A9 00		 lda #$00
   247 00,59F4 8D 1E D0		 sta $d01e
   248 00,59F7 A9 00		 lda #$00
   249 00,59F9 8D 1E D0		 sta $d01e
   250 00,59FC A9 00		 lda #$00
   251 00,59FE C5 00		 cmp byt2
   252 00,5A00 8D 1A D0		 sta colbak
   253 00,5A03 C5 00		 cmp byt2
   254 00,5A05 A9 00		 lda #$00
   255 00,5A07 8D 1E D0		 sta $d01e
   256 00,5A0A A9 78		 lda #$78
   257 00,5A0C 8D 14 D0		 sta colpm2
   258 00,5A0F A9 B4		 lda #$b4
   259 00,5A11 C5 00		 cmp byt2
   260 00,5A13 8D 1E D0		 sta $d01e
   261
   262 				; line=24
   263
   264
   265 				.macro linia
   266 				 lda #$00
   267 				 ldx #$00
   268 				 ldy #$00
   269 				 sta color1
   270 				 stx $d01e
   271 				 sty $d01e
   272 				 lda #$40
   273 				 sta $D001
   274 				 sta $D000
   275 				 lda #$64
   276 				 sta $D001
   277 				 sta $D000
   278 				 lda #$64+52
   279 				 sta $D001
   280 				 sta $D000
   281 				 lda bajt
   282 				 sta $D001
   283 				 sta $D000
   284 				; inc byt2
   285 				.endm
   286
   287
   288 00,5A16 C5 00		 cmp byt2
   289 00,5A18 8D 1A D0		 sta colbak
   290 00,5A1B C5 00		 cmp byt2
   291 00,5A1D A9 00		 lda #$00
   292 00,5A1F 8D 17 D0		 sta color1
   293 00,5A22 EA		 nop
   294 00,5A23 A9 40		 lda #$40
   295 00,5A25 8D 01 D0		 sta $D001
   296 00,5A28 8D 00 D0		 sta $D000
   297 00,5A2B A9 64		 lda #$64
   298 00,5A2D 8D 01 D0		 sta $D001
   299 00,5A30 8D 00 D0		 sta $D000
   300 00,5A33 A9 98		 lda #$64+52
   301 00,5A35 8D 01 D0		 sta $D001
   302 00,5A38 8D 00 D0		 sta $D000
   303 00,5A3B A5 E0		 lda bajt
   304 00,5A3D 8D 01 D0		 sta $D001
   305 00,5A40 8D 00 D0		 sta $D000
   306 				; inc byt2
   307
   308
   309 				.rept 7 \ linia \ .endr
   309 				.rept 7 
   309 				 linia 
   309 				 .endr
Source: REPT
Macro: LINIA [Source: D:\!Atari\nibbly\panel\panel_2.asm]
   310 00,5A43 A9 00		 lda #$00
   311 00,5A45 A2 00		 ldx #$00
   312 00,5A47 A0 00		 ldy #$00
   313 00,5A49 8D 17 D0		 sta color1
   314 00,5A4C 8E 1E D0		 stx $d01e
   315 00,5A4F 8C 1E D0		 sty $d01e
   316 00,5A52 A9 40		 lda #$40
   317 00,5A54 8D 01 D0		 sta $D001
   318 00,5A57 8D 00 D0		 sta $D000
   319 00,5A5A A9 64		 lda #$64
   320 00,5A5C 8D 01 D0		 sta $D001
   321 00,5A5F 8D 00 D0		 sta $D000
   322 00,5A62 A9 98		 lda #$64+52
   323 00,5A64 8D 01 D0		 sta $D001
   324 00,5A67 8D 00 D0		 sta $D000
   325 00,5A6A A5 E0		 lda bajt
   326 00,5A6C 8D 01 D0		 sta $D001
   327 00,5A6F 8D 00 D0		 sta $D000
   328
Source: D:\!Atari\nibbly\panel\panel_2.asm
   310 				 linia 
Macro: LINIA [Source: D:\!Atari\nibbly\panel\panel_2.asm]
   310 00,5A72 A9 00		 lda #$00
   311 00,5A74 A2 00		 ldx #$00
   312 00,5A76 A0 00		 ldy #$00
   313 00,5A78 8D 17 D0		 sta color1
   314 00,5A7B 8E 1E D0		 stx $d01e
   315 00,5A7E 8C 1E D0		 sty $d01e
   316 00,5A81 A9 40		 lda #$40
   317 00,5A83 8D 01 D0		 sta $D001
   318 00,5A86 8D 00 D0		 sta $D000
   319 00,5A89 A9 64		 lda #$64
   320 00,5A8B 8D 01 D0		 sta $D001
   321 00,5A8E 8D 00 D0		 sta $D000
   322 00,5A91 A9 98		 lda #$64+52
   323 00,5A93 8D 01 D0		 sta $D001
   324 00,5A96 8D 00 D0		 sta $D000
   325 00,5A99 A5 E0		 lda bajt
   326 00,5A9B 8D 01 D0		 sta $D001
   327 00,5A9E 8D 00 D0		 sta $D000
   328
Source: D:\!Atari\nibbly\panel\panel_2.asm
   310 				 linia 
Macro: LINIA [Source: D:\!Atari\nibbly\panel\panel_2.asm]
   310 00,5AA1 A9 00		 lda #$00
   311 00,5AA3 A2 00		 ldx #$00
   312 00,5AA5 A0 00		 ldy #$00
   313 00,5AA7 8D 17 D0		 sta color1
   314 00,5AAA 8E 1E D0		 stx $d01e
   315 00,5AAD 8C 1E D0		 sty $d01e
   316 00,5AB0 A9 40		 lda #$40
   317 00,5AB2 8D 01 D0		 sta $D001
   318 00,5AB5 8D 00 D0		 sta $D000
   319 00,5AB8 A9 64		 lda #$64
   320 00,5ABA 8D 01 D0		 sta $D001
   321 00,5ABD 8D 00 D0		 sta $D000
   322 00,5AC0 A9 98		 lda #$64+52
   323 00,5AC2 8D 01 D0		 sta $D001
   324 00,5AC5 8D 00 D0		 sta $D000
   325 00,5AC8 A5 E0		 lda bajt
   326 00,5ACA 8D 01 D0		 sta $D001
   327 00,5ACD 8D 00 D0		 sta $D000
   328
Source: D:\!Atari\nibbly\panel\panel_2.asm
   310 				 linia 
Macro: LINIA [Source: D:\!Atari\nibbly\panel\panel_2.asm]
   310 00,5AD0 A9 00		 lda #$00
   311 00,5AD2 A2 00		 ldx #$00
   312 00,5AD4 A0 00		 ldy #$00
   313 00,5AD6 8D 17 D0		 sta color1
   314 00,5AD9 8E 1E D0		 stx $d01e
   315 00,5ADC 8C 1E D0		 sty $d01e
   316 00,5ADF A9 40		 lda #$40
   317 00,5AE1 8D 01 D0		 sta $D001
   318 00,5AE4 8D 00 D0		 sta $D000
   319 00,5AE7 A9 64		 lda #$64
   320 00,5AE9 8D 01 D0		 sta $D001
   321 00,5AEC 8D 00 D0		 sta $D000
   322 00,5AEF A9 98		 lda #$64+52
   323 00,5AF1 8D 01 D0		 sta $D001
   324 00,5AF4 8D 00 D0		 sta $D000
   325 00,5AF7 A5 E0		 lda bajt
   326 00,5AF9 8D 01 D0		 sta $D001
   327 00,5AFC 8D 00 D0		 sta $D000
   328
Source: D:\!Atari\nibbly\panel\panel_2.asm
   310 				 linia 
Macro: LINIA [Source: D:\!Atari\nibbly\panel\panel_2.asm]
   310 00,5AFF A9 00		 lda #$00
   311 00,5B01 A2 00		 ldx #$00
   312 00,5B03 A0 00		 ldy #$00
   313 00,5B05 8D 17 D0		 sta color1
   314 00,5B08 8E 1E D0		 stx $d01e
   315 00,5B0B 8C 1E D0		 sty $d01e
   316 00,5B0E A9 40		 lda #$40
   317 00,5B10 8D 01 D0		 sta $D001
   318 00,5B13 8D 00 D0		 sta $D000
   319 00,5B16 A9 64		 lda #$64
   320 00,5B18 8D 01 D0		 sta $D001
   321 00,5B1B 8D 00 D0		 sta $D000
   322 00,5B1E A9 98		 lda #$64+52
   323 00,5B20 8D 01 D0		 sta $D001
   324 00,5B23 8D 00 D0		 sta $D000
   325 00,5B26 A5 E0		 lda bajt
   326 00,5B28 8D 01 D0		 sta $D001
   327 00,5B2B 8D 00 D0		 sta $D000
   328
Source: D:\!Atari\nibbly\panel\panel_2.asm
   310 				 linia 
Macro: LINIA [Source: D:\!Atari\nibbly\panel\panel_2.asm]
   310 00,5B2E A9 00		 lda #$00
   311 00,5B30 A2 00		 ldx #$00
   312 00,5B32 A0 00		 ldy #$00
   313 00,5B34 8D 17 D0		 sta color1
   314 00,5B37 8E 1E D0		 stx $d01e
   315 00,5B3A 8C 1E D0		 sty $d01e
   316 00,5B3D A9 40		 lda #$40
   317 00,5B3F 8D 01 D0		 sta $D001
   318 00,5B42 8D 00 D0		 sta $D000
   319 00,5B45 A9 64		 lda #$64
   320 00,5B47 8D 01 D0		 sta $D001
   321 00,5B4A 8D 00 D0		 sta $D000
   322 00,5B4D A9 98		 lda #$64+52
   323 00,5B4F 8D 01 D0		 sta $D001
   324 00,5B52 8D 00 D0		 sta $D000
   325 00,5B55 A5 E0		 lda bajt
   326 00,5B57 8D 01 D0		 sta $D001
   327 00,5B5A 8D 00 D0		 sta $D000
   328
Source: D:\!Atari\nibbly\panel\panel_2.asm
   310 				 linia 
Macro: LINIA [Source: D:\!Atari\nibbly\panel\panel_2.asm]
   310 00,5B5D A9 00		 lda #$00
   311 00,5B5F A2 00		 ldx #$00
   312 00,5B61 A0 00		 ldy #$00
   313 00,5B63 8D 17 D0		 sta color1
   314 00,5B66 8E 1E D0		 stx $d01e
   315 00,5B69 8C 1E D0		 sty $d01e
   316 00,5B6C A9 40		 lda #$40
   317 00,5B6E 8D 01 D0		 sta $D001
   318 00,5B71 8D 00 D0		 sta $D000
   319 00,5B74 A9 64		 lda #$64
   320 00,5B76 8D 01 D0		 sta $D001
   321 00,5B79 8D 00 D0		 sta $D000
   322 00,5B7C A9 98		 lda #$64+52
   323 00,5B7E 8D 01 D0		 sta $D001
   324 00,5B81 8D 00 D0		 sta $D000
   325 00,5B84 A5 E0		 lda bajt
   326 00,5B86 8D 01 D0		 sta $D001
   327 00,5B89 8D 00 D0		 sta $D000
   328
Source: D:\!Atari\nibbly\panel\panel_2.asm
Source: D:\!Atari\nibbly\panel\panel_2.asm
   310
   311
   312 				*- 1
   313 00,5B8C A9 78		 lda #$78
   314 00,5B8E A2 00		 ldx #$00
   315 00,5B90 A0 00		 ldy #$00
   316 00,5B92 8D 17 D0		 sta color1
   317 00,5B95 8E 14 D0		 stx colpm2
   318 00,5B98 8C 1E D0		 sty $d01e
   319 00,5B9B A9 00		 lda #$00
   320 00,5B9D 8D 1E D0		 sta $d01e
   321 00,5BA0 C5 00		 cmp byt2
   322 00,5BA2 8D 1A D0		 sta colbak
   323 00,5BA5 C5 00		 cmp byt2
   324 00,5BA7 8D 1E D0		 sta $d01e
   325 00,5BAA A9 00		 lda #$00
   326 00,5BAC 8D 1E D0		 sta $d01e
   327 00,5BAF 8D 1E D0		 sta $d01e
   328 00,5BB2 A9 B4		 lda #$b4
   329 00,5BB4 8D 1E D0		 sta $d01e
   330 00,5BB7 E6 00		 inc byt2
   331 00,5BB9 8D 1A D0		 sta colbak
   332
   333 				*- 2
   334 00,5BBC A9 78		 lda #$78
   335 				; ldx #$00
   336 				; ldy #$00
   337 00,5BBE 8D 17 D0		 sta color1
   338 00,5BC1 8E 1E D0		 stx $d01e
   339 00,5BC4 8C 1E D0		 sty $d01e
   340 00,5BC7 A9 00		 lda #$00
   341 00,5BC9 8D 1E D0		 sta $d01e
   342 00,5BCC C5 00		 cmp byt2
   343 00,5BCE 8D 1A D0		 sta colbak
   344 00,5BD1 C5 00		 cmp byt2
   345 00,5BD3 8D 1E D0		 sta $d01e
   346 00,5BD6 A9 00		 lda #$00
   347 00,5BD8 8D 1E D0		 sta $d01e
   348 00,5BDB 8D 1E D0		 sta $d01e
   349 00,5BDE A9 B4		 lda #$b4
   350 00,5BE0 8D 1E D0		 sta $d01e
   351 00,5BE3 E6 00		 inc byt2
   352 00,5BE5 8D 1A D0		 sta colbak
   353
   354 				*- 3
   355 00,5BE8 A9 78		 lda #$78
   356 				; ldx #$00
   357 				; ldy #$00
   358 00,5BEA 8D 17 D0		 sta color1
   359 00,5BED 8E 1E D0		 stx $d01e
   360 00,5BF0 8C 1E D0		 sty $d01e
   361 00,5BF3 A9 00		 lda #$00
   362 00,5BF5 8D 1E D0		 sta $d01e
   363 00,5BF8 C5 00		 cmp byt2
   364 00,5BFA 8D 1A D0		 sta colbak
   365 00,5BFD C5 00		 cmp byt2
   366 00,5BFF 8D 1E D0		 sta $d01e
   367 00,5C02 A9 00		 lda #$00
   368 00,5C04 8D 1E D0		 sta $d01e
   369 00,5C07 8D 1E D0		 sta $d01e
   370 00,5C0A A9 B4		 lda #$b4
   371 00,5C0C 8D 1E D0		 sta $d01e
   372 00,5C0F E6 00		 inc byt2
   373 00,5C11 8D 1A D0		 sta colbak
   374
   375 00,5C14 8D 0A D4 8D 0A +	 :2 sta $d40a
   376
   377 00,5C1A A9 00		 lda #$00
   378 00,5C1C 8D 0A D4		 sta $d40a
   379 00,5C1F 8D 18 D0		 sta color2
   380
   381 00,5C22 8D 0A D4		 sta $d40a
   382
   383 00,5C25 A9 48		 lda >fnt+$400*$00
   384 00,5C27 8D 09 D4		 sta chbase
   385 00,5C2A A9 B4		c0 lda #$b4
   386 00,5C2C 8D 1A D0		 sta colbak
   387 00,5C2F A9 14		c1 lda #$14
   388 00,5C31 8D 16 D0		 sta color0
   389 00,5C34 8D 13 D0		 sta colpm1
   390 00,5C37 8D 15 D0		 sta colpm3
   391 00,5C3A A9 78		c2 lda #$78
   392 00,5C3C 8D 17 D0		 sta color1
   393 00,5C3F 8D 12 D0		 sta colpm0
   394 00,5C42 A9 0C		c3 lda #$0C
   395 00,5C44 8D 18 D0		 sta color2
   396 00,5C47 A9 3C		c4 lda #$3C
   397 00,5C49 8D 19 D0		 sta color3
   398
   399 00,5C4C A9 01		 lda #$1
   400 00,5C4E 8D 1B D0		 sta gtictl
   401
   402 00,5C51 A9 00		 lda #$00
   403 00,5C53 8D 08 D0		 sta sizep0
   404 00,5C56 8D 09 D0		 sta sizep1
   405 00,5C59 8D 0A D0		 sta sizep2
   406 00,5C5C 8D 0B D0		 sta sizep3
   407 00,5C5F 8D 14 D0		 sta colpm2
   408
   409 00,5C62 A9 30		 lda #48
   410 00,5C64 8D 02 D0		 sta hposp2
   411 00,5C67 8D 03 D0		 sta hposp3
   412
   413 00,5C6A 4C 24 59		 jmp LOOP
   414
   415 				;--
   416
   417 00,5C6D			wait54cycle
   418 00,5C6D E6 00 E6 00	 :2 inc byt2
   419 00,5C71			wait44cycle
   420 00,5C71 EE 00 01		 inc byt3
   421 00,5C74 EA		 nop
   422 00,5C75			wait36cycle
   423 00,5C75 EE 00 01		 inc byt3
   424 00,5C78 20 7E 5C		 jsr _rts
   425 00,5C7B			wait18cycle
   426 00,5C7B EE 00 01		 inc byt3
   427 00,5C7E 60		_rts rts
   428
   429 				;--
   430
   431 				.macro SCREEN_DATA
   432 				 ins 'panel_2.raw'
   433 				.endm
   434
   435 				.macro ANTIC_PROGRAM
   436 				 dta $4e,a(:1+$0000),$f,$f,$f,$f,$f,$f,$f
   437 				 dta $4e,a(:1+$0140),$e,$e,$e,$e,$e,$e,$e
   438 				 dta $4e,a(:1+$0280),$e,$e,$e,$e,$e,$e,$e
   439 				 dta $4f,a(:1+$03C0),$f,$f,$f,$f,$f,$f,$f
   440 				 dta $4e,a(:1+$0500),$e,$e,$e,$e,$e,$e,$e
   441
   442 				 dta $41,a(:2)
   443 				.endm
   444
   445 				.macro SPRITES
   446 				 org *+$100
   447
   448 				 :+32 brk
   449 				 dta %00100000,%01000000,%00100000,%00100000,%00100000,%00100000,%01000000,%00100000
   450 				 :+13*16+8 brk
   451
   452 				 :+32 brk
   453 				 dta %10010000,%00100000,%10010000,%10010000,%10010000,%10010000,%00100000,%10010000
   454 				 :+13*16+8 brk
   455
   456 				 :+31 brk
   457 				 dta %00001110
   458 				 dta %00100000,%01000000,%00100000,%00100000,%00100000,%00100000,%01000000,%00100000
   459 				 :+2 dta %00001111
   460 				 :+13*16+6 brk
   461
   462 				 :+32 brk
   463 				 dta %10010000,%00100000,%10010000,%10010000,%10010000,%10010000,%00100000,%10010000
   464 				 :+13*16+8 brk
   465
   466 				 org *+$100
   467
   468 				.endm
   469 00,02E0-02E1> 00 59	 run main
   470
